<?xml version="1.0" encoding="UTF-8"?>
<robot generator="Robot 4.1 (Python 3.9.6 on darwin)" generated="20220111 23:01:33.904" rpa="false" schemaversion="2">
<suite id="s1" name="Test" source="/Users/DamarMustikoAji/Fun/android/rambutan/tests/test.robot">
<test id="s1-t1" name="First Test cases">
<kw name="Open Dagangan Apps">
<kw name="Open Application" library="AppiumLibrary">
<arg>${REMOTE_URL}</arg>
<arg>platformName=${PLATFORM_NAME}</arg>
<arg>platformVersion=${PLATFORM_VERSION}</arg>
<arg>deviceName=${DEVICE_NAME}</arg>
<arg>automationName=UiAutomator2</arg>
<arg>newCommandTimeout=2500</arg>
<arg>appActivity=${Activity_NAME}</arg>
<arg>appPackage=${PACKAGE_NAME}</arg>
<arg>app=${APP}</arg>
<arg>noReset=true</arg>
<arg>autoGrantPermissions=true</arg>
<arg>autoAcceptAlerts=true</arg>
<doc>Opens a new application to given Appium server.
Capabilities of appium server, Android and iOS,
Please check https://github.com/appium/appium/blob/master/docs/en/writing-running-appium/server-args.md
| *Option*            | *Man.* | *Description*     |
| remote_url          | Yes    | Appium server url |
| alias               | no     | alias             |</doc>
<status status="PASS" starttime="20220111 23:01:34.023" endtime="20220111 23:01:41.737"/>
</kw>
<status status="PASS" starttime="20220111 23:01:34.023" endtime="20220111 23:01:41.737"/>
</kw>
<kw name="Sleep" library="BuiltIn">
<arg>5s</arg>
<doc>Pauses the test executed for the given time.</doc>
<msg timestamp="20220111 23:01:46.738" level="INFO">Slept 5 seconds</msg>
<status status="PASS" starttime="20220111 23:01:41.738" endtime="20220111 23:01:46.739"/>
</kw>
<kw name="Wait Until Page Contains Element" library="AppiumLibrary">
<arg>class=android.widget.EditText</arg>
<doc>Waits until element specified with `locator` appears on current page.</doc>
<status status="PASS" starttime="20220111 23:01:46.739" endtime="20220111 23:01:46.844"/>
</kw>
<kw name="Click Element" library="AppiumLibrary">
<arg>class=android.widget.EditText</arg>
<doc>Click element identified by `locator`.</doc>
<msg timestamp="20220111 23:01:46.846" level="INFO">Clicking element 'class=android.widget.EditText'.</msg>
<status status="PASS" starttime="20220111 23:01:46.845" endtime="20220111 23:01:46.954"/>
</kw>
<kw name="Sleep" library="BuiltIn">
<arg>5s</arg>
<doc>Pauses the test executed for the given time.</doc>
<msg timestamp="20220111 23:01:51.956" level="INFO">Slept 5 seconds</msg>
<status status="PASS" starttime="20220111 23:01:46.955" endtime="20220111 23:01:51.956"/>
</kw>
<kw name="Input Text" library="AppiumLibrary">
<arg>class=android.widget.EditText</arg>
<arg>0856123456</arg>
<doc>Types the given `text` into text field identified by `locator`.</doc>
<msg timestamp="20220111 23:01:51.961" level="INFO">Typing text '0856123456' into text field 'class=android.widget.EditText'</msg>
<status status="PASS" starttime="20220111 23:01:51.957" endtime="20220111 23:01:52.808"/>
</kw>
<kw name="Press Keycode" library="AppiumLibrary">
<arg>4</arg>
<doc>Sends a press of keycode to the device.</doc>
<status status="PASS" starttime="20220111 23:01:52.808" endtime="20220111 23:01:53.505"/>
</kw>
<kw name="Sleep" library="BuiltIn">
<arg>5s</arg>
<doc>Pauses the test executed for the given time.</doc>
<msg timestamp="20220111 23:01:58.507" level="INFO">Slept 5 seconds</msg>
<status status="PASS" starttime="20220111 23:01:53.505" endtime="20220111 23:01:58.508"/>
</kw>
<kw name="Close Application" library="AppiumLibrary" type="TEARDOWN">
<doc>Closes the current application and also close webdriver session.</doc>
<status status="PASS" starttime="20220111 23:01:58.509" endtime="20220111 23:01:58.872"/>
</kw>
<status status="PASS" starttime="20220111 23:01:34.022" endtime="20220111 23:01:58.872"/>
</test>
<status status="PASS" starttime="20220111 23:01:33.906" endtime="20220111 23:01:58.873"/>
</suite>
<statistics>
<total>
<stat pass="1" fail="0" skip="0">All Tests</stat>
</total>
<tag>
</tag>
<suite>
<stat pass="1" fail="0" skip="0" id="s1" name="Test">Test</stat>
</suite>
</statistics>
<errors>
</errors>
</robot>
